<?xml version="1.0" encoding="UTF-8"?>
<!-- Generated by org.testng.reporters.JUnitReportReporter -->
<testsuite hostname="TYSS-Manjunath-S" failures="0" tests="1" name="testScriptRepo.PD001" time="14.583" errors="0" timestamp="2024-01-13T09:47:48 IST" skipped="0">
  <testcase classname="testScriptRepo.PD001" name="testcase1" time="14.583"/>
  <system-out/>
</testsuite> <!-- testScriptRepo.PD001 -->
