<?xml version="1.0" encoding="UTF-8"?>
<!-- Generated by org.testng.reporters.JUnitReportReporter -->
<testsuite hostname="TYSS-Manjunath-S" failures="0" tests="1" name="testScriptRepo.SCO001" time="22.784" errors="0" timestamp="2024-01-16T12:20:26 IST" skipped="0">
  <testcase classname="testScriptRepo.SCO001" name="testcase4" time="22.784"/>
  <system-out/>
</testsuite> <!-- testScriptRepo.SCO001 -->
