<?xml version="1.0" encoding="UTF-8"?>
<!-- Generated by org.testng.reporters.JUnitReportReporter -->
<testsuite hostname="TYSS-Manjunath-S" failures="0" tests="1" name="testCaseRepo.SS002_SearchAProduct" time="15.564" errors="0" timestamp="2024-01-18T12:40:40 IST" skipped="0">
  <testcase classname="testCaseRepo.SS002_SearchAProduct" name="testcase2" time="15.564"/>
  <system-out>
    <![CDATA[testcase2execution Starts
testcase2execution successfull]]>
  </system-out>
</testsuite> <!-- testCaseRepo.SS002_SearchAProduct -->
