<?xml version="1.0" encoding="UTF-8"?>
<!-- Generated by org.testng.reporters.JUnitReportReporter -->
<testsuite hostname="TYSS-Manjunath-S" failures="0" tests="7" name="sampleTestNgPrograms.Sample2$Sample1" time="0.028" errors="0" timestamp="2024-01-13T09:00:38 IST" skipped="0">
  <testcase classname="sampleTestNgPrograms.Sample2$Sample1" name="createUser" time="0.002"/>
  <system-out/>
  <testcase classname="sampleTestNgPrograms.Sample2$Sample1" name="createUser" time="0.002"/>
  <system-out/>
  <testcase classname="sampleTestNgPrograms.Sample2$Sample1" name="createUser" time="0.002"/>
  <system-out/>
  <testcase classname="sampleTestNgPrograms.Sample2$Sample1" name="createUser" time="0.011"/>
  <system-out/>
  <testcase classname="sampleTestNgPrograms.Sample2$Sample1" name="createUser" time="0.004"/>
  <system-out/>
  <testcase classname="sampleTestNgPrograms.Sample2$Sample1" name="modifyUser" time="0.005"/>
  <system-out>
    <![CDATA[modifyUser depends on createUser]]>
  </system-out>
  <testcase classname="sampleTestNgPrograms.Sample2$Sample1" name="deleteUser" time="0.002"/>
  <system-out/>
</testsuite> <!-- sampleTestNgPrograms.Sample2$Sample1 -->
