<?xml version="1.0" encoding="UTF-8"?>
<!-- Generated by org.testng.reporters.JUnitReportReporter -->
<testsuite hostname="TYSS-Manjunath-S" failures="0" tests="6" name="com.Ecommerce.ShoppersStack.SampleTestNgMethods" time="0.030" errors="0" timestamp="2024-01-17T10:44:09 IST" skipped="0">
  <testcase classname="com.Ecommerce.ShoppersStack.SampleTestNgMethods" name="testCase2" time="0.002"/>
  <system-out/>
  <testcase classname="com.Ecommerce.ShoppersStack.SampleTestNgMethods" name="testcase1" time="0.003"/>
  <system-out/>
  <testcase classname="com.Ecommerce.ShoppersStack.SampleTestNgMethods" name="testcase1" time="0.003"/>
  <system-out/>
  <testcase classname="com.Ecommerce.ShoppersStack.SampleTestNgMethods" name="testcase1" time="0.002"/>
  <system-out/>
  <testcase classname="com.Ecommerce.ShoppersStack.SampleTestNgMethods" name="testcase1" time="0.018"/>
  <system-out/>
  <testcase classname="com.Ecommerce.ShoppersStack.SampleTestNgMethods" name="testcase1" time="0.002"/>
  <system-out/>
</testsuite> <!-- com.Ecommerce.ShoppersStack.SampleTestNgMethods -->
