<?xml version="1.0" encoding="UTF-8"?>
<!-- Generated by org.testng.reporters.JUnitReportReporter -->
<testsuite hostname="TYSS-Manjunath-S" failures="0" tests="1" name="testScriptRepo.PD002" time="14.771" errors="0" timestamp="2024-01-12T17:36:46 IST" skipped="0">
  <testcase classname="testScriptRepo.PD002" name="testcase2" time="14.771"/>
  <system-out/>
</testsuite> <!-- testScriptRepo.PD002 -->
