<?xml version="1.0" encoding="UTF-8"?>
<!-- Generated by org.testng.reporters.JUnitReportReporter -->
<testsuite hostname="TYSS-Manjunath-S" failures="0" tests="1" name="testScriptRepo.FA001" time="15.179" errors="0" timestamp="2024-01-14T19:34:43 IST" skipped="0">
  <testcase classname="testScriptRepo.FA001" name="testCase3" time="15.179"/>
  <system-out>
    <![CDATA[testCase3execution starts
testCase3execution successful]]>
  </system-out>
</testsuite> <!-- testScriptRepo.FA001 -->
