<?xml version="1.0" encoding="UTF-8"?>
<!-- Generated by org.testng.reporters.JUnitReportReporter -->
<testsuite hostname="TYSS-Manjunath-S" failures="0" tests="1" name="testCaseRepo.SS001_LoginAsAUser" time="9.530" errors="0" timestamp="2024-01-18T12:41:36 IST" skipped="0">
  <testcase classname="testCaseRepo.SS001_LoginAsAUser" name="testcase1" time="9.530"/>
  <system-out>
    <![CDATA[testcase1execution Starts
testcase1execution successfull]]>
  </system-out>
</testsuite> <!-- testCaseRepo.SS001_LoginAsAUser -->
