<?xml version="1.0" encoding="UTF-8"?>
<!-- Generated by org.testng.reporters.JUnitReportReporter -->
<testsuite hostname="TYSS-Manjunath-S" failures="0" tests="1" name="com.Ecommerce.ShoppersStack.SS001_LoginAsAUser" time="8.191" errors="0" timestamp="2024-01-18T10:37:26 IST" skipped="0">
  <testcase classname="com.Ecommerce.ShoppersStack.SS001_LoginAsAUser" name="testcase1" time="8.191"/>
  <system-out>
    <![CDATA[testcase1execution Starts
testcase1execution successfull]]>
  </system-out>
</testsuite> <!-- com.Ecommerce.ShoppersStack.SS001_LoginAsAUser -->
