<?xml version="1.0" encoding="UTF-8"?>
<!-- Generated by org.testng.reporters.JUnitReportReporter -->
<testsuite hostname="TYSS-Manjunath-S" failures="0" tests="1" name="testScriptRepo.DM001" time="19.345" errors="0" timestamp="2024-01-16T14:50:44 IST" skipped="0">
  <testcase classname="testScriptRepo.DM001" name="testcase2" time="19.345"/>
  <system-out>
    <![CDATA[testcase2execution starts
testcase2execution successful]]>
  </system-out>
</testsuite> <!-- testScriptRepo.DM001 -->
