<?xml version="1.0" encoding="UTF-8"?>
<!-- Generated by org.testng.reporters.JUnitReportReporter -->
<testsuite hostname="TYSS-Manjunath-S" failures="0" tests="3" name="sampleTestNgPrograms.Sample1" time="0.019" errors="0" timestamp="2024-01-13T09:00:17 IST" skipped="0">
  <testcase classname="sampleTestNgPrograms.Sample1" name="createUser" time="0.014"/>
  <system-out/>
  <testcase classname="sampleTestNgPrograms.Sample1" name="modifyUser" time="0.003"/>
  <system-out/>
  <testcase classname="sampleTestNgPrograms.Sample1" name="deleteUser" time="0.002"/>
  <system-out/>
</testsuite> <!-- sampleTestNgPrograms.Sample1 -->
